{
  "RSpec": {
    "coverage": {
      "/Users/dhireshdattani/Desktop/MAKERS/WEEK10/checkout_test_practice/spec/shop_spec.rb": [
        1,
        null,
        1,
        1,
        null,
        1,
        3,
        null,
        null,
        1,
        1,
        null,
        null,
        1,
        1,
        null,
        null,
        1,
        1,
        null,
        null,
        null,
        null,
        null
      ],
      "/Users/dhireshdattani/Desktop/MAKERS/WEEK10/checkout_test_practice/lib/shop.rb": [
        1,
        1,
        3,
        2,
        2,
        null,
        null,
        null,
        1,
        null,
        1,
        2,
        null,
        null,
        null
      ]
    },
    "timestamp": 1557494531
  }
}
